# JRE version: OpenJDK Runtime Environment Temurin-17.0.7+7 (17.0.7+7) (build 17.0.7+7)
# Java VM: OpenJDK 64-Bit Server VM Temurin-17.0.7+7 (17.0.7+7, mixed mode, emulated-client, tiered, compressed oops, compressed class ptrs, g1 gc, windows-amd64)
GC Precious Log:
 CPUs: 12 total, 12 available
 Memory: 7562M
 Large Page Support: Disabled
 NUMA Support: Disabled
 Compressed Oops: Enabled (32-bit)
 Heap Region Size: 1M
 Heap Min Capacity: 8M
 Heap Initial Capacity: 120M
 Heap Max Capacity: 1G
 Pre-touch: Disabled
 Parallel Workers: 10
 Concurrent Workers: 3
 Concurrent Refinement Workers: 10
 Periodic GC: Disabled
Heap:
 garbage-first heap   total 337920K, used 99014K [0x00000000c0000000, 0x0000000100000000)
  region size 1024K, 1 young (1024K), 0 survivors (0K)
 Metaspace       used 75452K, committed 75904K, reserved 1179648K
  class space    used 10329K, committed 10560K, reserved 1048576K
GC Heap History (20 events):
Event: 3693.757 GC heap before
{Heap before GC invocations=427 (full 344):
 garbage-first heap   total 337920K, used 99014K [0x00000000c0000000, 0x0000000100000000)
  region size 1024K, 1 young (1024K), 0 survivors (0K)
 Metaspace       used 75452K, committed 75904K, reserved 1179648K
  class space    used 10329K, committed 10560K, reserved 1048576K
}
Event: 3693.796 GC heap after
{Heap after GC invocations=428 (full 345):
 garbage-first heap   total 337920K, used 99014K [0x00000000c0000000, 0x0000000100000000)
  region size 1024K, 0 young (0K), 0 survivors (0K)
 Metaspace       used 75452K, committed 75904K, reserved 1179648K
  class space    used 10329K, committed 10560K, reserved 1048576K
}
Event: 3703.899 GC heap before
{Heap before GC invocations=428 (full 345):
 garbage-first heap   total 337920K, used 99014K [0x00000000c0000000, 0x0000000100000000)
  region size 1024K, 1 young (1024K), 0 survivors (0K)
 Metaspace       used 75452K, committed 75904K, reserved 1179648K
  class space    used 10329K, committed 10560K, reserved 1048576K
}
Event: 3703.946 GC heap after
{Heap after GC invocations=429 (full 346):
 garbage-first heap   total 337920K, used 99014K [0x00000000c0000000, 0x0000000100000000)
  region size 1024K, 0 young (0K), 0 survivors (0K)
 Metaspace       used 75452K, committed 75904K, reserved 1179648K
  class space    used 10329K, committed 10560K, reserved 1048576K
}
Event: 3714.045 GC heap before
{Heap before GC invocations=429 (full 346):
 garbage-first heap   total 337920K, used 99014K [0x00000000c0000000, 0x0000000100000000)
  region size 1024K, 1 young (1024K), 0 survivors (0K)
 Metaspace       used 75452K, committed 75904K, reserved 1179648K
  class space    used 10329K, committed 10560K, reserved 1048576K
}
Event: 3714.083 GC heap after
{Heap after GC invocations=430 (full 347):
 garbage-first heap   total 337920K, used 99014K [0x00000000c0000000, 0x0000000100000000)
  region size 1024K, 0 young (0K), 0 survivors (0K)
 Metaspace       used 75452K, committed 75904K, reserved 1179648K
  class space    used 10329K, committed 10560K, reserved 1048576K
}
Event: 3724.207 GC heap before
{Heap before GC invocations=430 (full 347):
 garbage-first heap   total 337920K, used 99014K [0x00000000c0000000, 0x0000000100000000)
  region size 1024K, 1 young (1024K), 0 survivors (0K)
 Metaspace       used 75452K, committed 75904K, reserved 1179648K
  class space    used 10329K, committed 10560K, reserved 1048576K
}
Event: 3724.249 GC heap after
{Heap after GC invocations=431 (full 348):
 garbage-first heap   total 337920K, used 99014K [0x00000000c0000000, 0x0000000100000000)
  region size 1024K, 0 young (0K), 0 survivors (0K)
 Metaspace       used 75452K, committed 75904K, reserved 1179648K
  class space    used 10329K, committed 10560K, reserved 1048576K
}
Event: 3734.430 GC heap before
{Heap before GC invocations=431 (full 348):
 garbage-first heap   total 337920K, used 99014K [0x00000000c0000000, 0x0000000100000000)
  region size 1024K, 1 young (1024K), 0 survivors (0K)
 Metaspace       used 75452K, committed 75904K, reserved 1179648K
  class space    used 10329K, committed 10560K, reserved 1048576K
}
Event: 3734.491 GC heap after
{Heap after GC invocations=432 (full 349):
 garbage-first heap   total 337920K, used 99014K [0x00000000c0000000, 0x0000000100000000)
  region size 1024K, 0 young (0K), 0 survivors (0K)
 Metaspace       used 75452K, committed 75904K, reserved 1179648K
  class space    used 10329K, committed 10560K, reserved 1048576K
}
Event: 3744.585 GC heap before
{Heap before GC invocations=432 (full 349):
 garbage-first heap   total 337920K, used 99014K [0x00000000c0000000, 0x0000000100000000)
  region size 1024K, 1 young (1024K), 0 survivors (0K)
 Metaspace       used 75452K, committed 75904K, reserved 1179648K
  class space    used 10329K, committed 10560K, reserved 1048576K
}
Event: 3744.622 GC heap after
{Heap after GC invocations=433 (full 350):
 garbage-first heap   total 337920K, used 99014K [0x00000000c0000000, 0x0000000100000000)
  region size 1024K, 0 young (0K), 0 survivors (0K)
 Metaspace       used 75452K, committed 75904K, reserved 1179648K
  class space    used 10329K, committed 10560K, reserved 1048576K
}
Event: 3754.712 GC heap before
{Heap before GC invocations=433 (full 350):
 garbage-first heap   total 337920K, used 99014K [0x00000000c0000000, 0x0000000100000000)
  region size 1024K, 1 young (1024K), 0 survivors (0K)
 Metaspace       used 75452K, committed 75904K, reserved 1179648K
  class space    used 10329K, committed 10560K, reserved 1048576K
}
Event: 3754.750 GC heap after
{Heap after GC invocations=434 (full 351):
 garbage-first heap   total 337920K, used 99014K [0x00000000c0000000, 0x0000000100000000)
  region size 1024K, 0 young (0K), 0 survivors (0K)
 Metaspace       used 75452K, committed 75904K, reserved 1179648K
  class space    used 10329K, committed 10560K, reserved 1048576K
}
Event: 3764.839 GC heap before
{Heap before GC invocations=434 (full 351):
 garbage-first heap   total 337920K, used 99014K [0x00000000c0000000, 0x0000000100000000)
  region size 1024K, 1 young (1024K), 0 survivors (0K)
 Metaspace       used 75452K, committed 75904K, reserved 1179648K
  class space    used 10329K, committed 10560K, reserved 1048576K
}
Event: 3764.875 GC heap after
{Heap after GC invocations=435 (full 352):
 garbage-first heap   total 337920K, used 99014K [0x00000000c0000000, 0x0000000100000000)
  region size 1024K, 0 young (0K), 0 survivors (0K)
 Metaspace       used 75452K, committed 75904K, reserved 1179648K
  class space    used 10329K, committed 10560K, reserved 1048576K
}
Event: 3774.973 GC heap before
{Heap before GC invocations=435 (full 352):
 garbage-first heap   total 337920K, used 99014K [0x00000000c0000000, 0x0000000100000000)
  region size 1024K, 1 young (1024K), 0 survivors (0K)
 Metaspace       used 75452K, committed 75904K, reserved 1179648K
  class space    used 10329K, committed 10560K, reserved 1048576K
}
Event: 3775.011 GC heap after
{Heap after GC invocations=436 (full 353):
 garbage-first heap   total 337920K, used 99014K [0x00000000c0000000, 0x0000000100000000)
  region size 1024K, 0 young (0K), 0 survivors (0K)
 Metaspace       used 75452K, committed 75904K, reserved 1179648K
  class space    used 10329K, committed 10560K, reserved 1048576K
}
Event: 3785.103 GC heap before
{Heap before GC invocations=436 (full 353):
 garbage-first heap   total 337920K, used 99014K [0x00000000c0000000, 0x0000000100000000)
  region size 1024K, 1 young (1024K), 0 survivors (0K)
 Metaspace       used 75452K, committed 75904K, reserved 1179648K
  class space    used 10329K, committed 10560K, reserved 1048576K
}
Event: 3785.140 GC heap after
{Heap after GC invocations=437 (full 354):
 garbage-first heap   total 337920K, used 99014K [0x00000000c0000000, 0x0000000100000000)
  region size 1024K, 0 young (0K), 0 survivors (0K)
 Metaspace       used 75452K, committed 75904K, reserved 1179648K
  class space    used 10329K, committed 10560K, reserved 1048576K
}

